<?xml version="1.0" encoding="UTF-8"?>
<coverage generated="1689984424725" clover="3.2.0">
  <project timestamp="1689984424725" name="All files">
    <metrics statements="46" coveredstatements="45" conditionals="10" coveredconditionals="7" methods="10" coveredmethods="9" elements="66" coveredelements="61" complexity="0" loc="46" ncloc="46" packages="2" files="3" classes="3"/>
    <package name="src">
      <metrics statements="39" coveredstatements="39" conditionals="6" coveredconditionals="5" methods="9" coveredmethods="9"/>
      <file name="App.vue" path="C:/git/stopwatch_app/src/App.vue">
        <metrics statements="39" coveredstatements="39" conditionals="6" coveredconditionals="5" methods="9" coveredmethods="9"/>
        <line num="2" count="1" type="stmt"/>
        <line num="4" count="1" type="stmt"/>
        <line num="9" count="1" type="stmt"/>
        <line num="53" count="1" type="stmt"/>
        <line num="61" count="9" type="stmt"/>
        <line num="86" count="1" type="cond" truecount="1" falsecount="1"/>
        <line num="87" count="1" type="stmt"/>
        <line num="88" count="1" type="stmt"/>
        <line num="89" count="1" type="stmt"/>
        <line num="94" count="1" type="stmt"/>
        <line num="95" count="1" type="stmt"/>
        <line num="96" count="1" type="stmt"/>
        <line num="97" count="1" type="stmt"/>
        <line num="99" count="1" type="stmt"/>
        <line num="100" count="1" type="stmt"/>
        <line num="101" count="1" type="stmt"/>
        <line num="102" count="1" type="stmt"/>
        <line num="106" count="2" type="stmt"/>
        <line num="110" count="1" type="stmt"/>
        <line num="111" count="1" type="stmt"/>
        <line num="115" count="1" type="stmt"/>
        <line num="116" count="1" type="stmt"/>
        <line num="117" count="1" type="stmt"/>
        <line num="118" count="1" type="stmt"/>
        <line num="119" count="1" type="stmt"/>
        <line num="120" count="1" type="stmt"/>
        <line num="121" count="1" type="stmt"/>
        <line num="122" count="1" type="stmt"/>
        <line num="123" count="1" type="stmt"/>
        <line num="124" count="1" type="stmt"/>
        <line num="128" count="3" type="cond" truecount="2" falsecount="0"/>
        <line num="132" count="2" type="stmt"/>
        <line num="133" count="2" type="stmt"/>
        <line num="134" count="2" type="stmt"/>
        <line num="144" count="2" type="cond" truecount="2" falsecount="0"/>
        <line num="145" count="1" type="stmt"/>
        <line num="146" count="1" type="stmt"/>
        <line num="148" count="1" type="stmt"/>
        <line num="149" count="1" type="stmt"/>
      </file>
    </package>
    <package name="src.components">
      <metrics statements="7" coveredstatements="6" conditionals="4" coveredconditionals="2" methods="1" coveredmethods="0"/>
      <file name="Buttons.vue" path="C:/git/stopwatch_app/src/components/Buttons.vue">
        <metrics statements="3" coveredstatements="2" conditionals="4" coveredconditionals="2" methods="1" coveredmethods="0"/>
        <line num="2" count="46" type="stmt"/>
        <line num="3" count="0" type="cond" truecount="2" falsecount="2"/>
        <line num="14" count="1" type="stmt"/>
      </file>
      <file name="Laps.vue" path="C:/git/stopwatch_app/src/components/Laps.vue">
        <metrics statements="4" coveredstatements="4" conditionals="0" coveredconditionals="0" methods="0" coveredmethods="0"/>
        <line num="12" count="2" type="stmt"/>
        <line num="14" count="2" type="stmt"/>
        <line num="15" count="2" type="stmt"/>
        <line num="28" count="2" type="stmt"/>
      </file>
    </package>
  </project>
</coverage>
