{"C:/git/stopwatch_app/src/App.vue": {"path":"C:/git/stopwatch_app/src/App.vue","statementMap":{"0":{"start":{"line":53,"column":17},"end":{"line":157,"column":null}},"1":{"start":{"line":61,"column":6},"end":{"line":81,"column":null}},"2":{"start":{"line":86,"column":8},"end":{"line":90,"column":null}},"3":{"start":{"line":87,"column":10},"end":{"line":87,"column":null}},"4":{"start":{"line":88,"column":10},"end":{"line":88,"column":null}},"5":{"start":{"line":89,"column":10},"end":{"line":89,"column":null}},"6":{"start":{"line":94,"column":8},"end":{"line":94,"column":null}},"7":{"start":{"line":95,"column":8},"end":{"line":95,"column":null}},"8":{"start":{"line":96,"column":8},"end":{"line":96,"column":null}},"9":{"start":{"line":97,"column":8},"end":{"line":97,"column":null}},"10":{"start":{"line":99,"column":8},"end":{"line":99,"column":null}},"11":{"start":{"line":100,"column":8},"end":{"line":100,"column":null}},"12":{"start":{"line":101,"column":8},"end":{"line":101,"column":null}},"13":{"start":{"line":102,"column":8},"end":{"line":102,"column":null}},"14":{"start":{"line":106,"column":8},"end":{"line":106,"column":null}},"15":{"start":{"line":110,"column":8},"end":{"line":110,"column":null}},"16":{"start":{"line":111,"column":8},"end":{"line":111,"column":null}},"17":{"start":{"line":115,"column":8},"end":{"line":115,"column":null}},"18":{"start":{"line":116,"column":8},"end":{"line":116,"column":null}},"19":{"start":{"line":117,"column":8},"end":{"line":117,"column":null}},"20":{"start":{"line":118,"column":8},"end":{"line":118,"column":null}},"21":{"start":{"line":119,"column":8},"end":{"line":119,"column":null}},"22":{"start":{"line":120,"column":8},"end":{"line":120,"column":null}},"23":{"start":{"line":121,"column":8},"end":{"line":121,"column":null}},"24":{"start":{"line":122,"column":8},"end":{"line":122,"column":null}},"25":{"start":{"line":123,"column":8},"end":{"line":123,"column":null}},"26":{"start":{"line":124,"column":8},"end":{"line":124,"column":null}},"27":{"start":{"line":128,"column":8},"end":{"line":128,"column":null}},"28":{"start":{"line":132,"column":8},"end":{"line":132,"column":null}},"29":{"start":{"line":133,"column":8},"end":{"line":133,"column":null}},"30":{"start":{"line":134,"column":8},"end":{"line":140,"column":null}},"31":{"start":{"line":144,"column":8},"end":{"line":150,"column":null}},"32":{"start":{"line":145,"column":10},"end":{"line":145,"column":null}},"33":{"start":{"line":146,"column":10},"end":{"line":146,"column":null}},"34":{"start":{"line":148,"column":10},"end":{"line":148,"column":null}},"35":{"start":{"line":149,"column":10},"end":{"line":149,"column":null}},"36":{"start":{"line":2,"column":7},"end":{"line":2,"column":null}},"37":{"start":{"line":4,"column":6},"end":{"line":4,"column":null}},"38":{"start":{"line":9,"column":6},"end":{"line":9,"column":null}}},"fnMap":{"0":{"name":"(anonymous_0)","decl":{"start":{"line":60,"column":4},"end":{"line":60,"column":5}},"loc":{"start":{"line":60,"column":11},"end":{"line":82,"column":5}}},"1":{"name":"(anonymous_1)","decl":{"start":{"line":85,"column":6},"end":{"line":85,"column":7}},"loc":{"start":{"line":85,"column":19},"end":{"line":91,"column":7}}},"2":{"name":"(anonymous_2)","decl":{"start":{"line":93,"column":6},"end":{"line":93,"column":7}},"loc":{"start":{"line":93,"column":20},"end":{"line":103,"column":7}}},"3":{"name":"(anonymous_3)","decl":{"start":{"line":105,"column":6},"end":{"line":105,"column":7}},"loc":{"start":{"line":105,"column":21},"end":{"line":107,"column":7}}},"4":{"name":"(anonymous_4)","decl":{"start":{"line":109,"column":6},"end":{"line":109,"column":7}},"loc":{"start":{"line":109,"column":19},"end":{"line":112,"column":7}}},"5":{"name":"(anonymous_5)","decl":{"start":{"line":114,"column":6},"end":{"line":114,"column":7}},"loc":{"start":{"line":114,"column":19},"end":{"line":125,"column":7}}},"6":{"name":"(anonymous_6)","decl":{"start":{"line":127,"column":6},"end":{"line":127,"column":7}},"loc":{"start":{"line":127,"column":27},"end":{"line":129,"column":7}}},"7":{"name":"(anonymous_7)","decl":{"start":{"line":131,"column":6},"end":{"line":131,"column":7}},"loc":{"start":{"line":131,"column":15},"end":{"line":141,"column":7}}},"8":{"name":"(anonymous_8)","decl":{"start":{"line":143,"column":6},"end":{"line":143,"column":7}},"loc":{"start":{"line":143,"column":20},"end":{"line":151,"column":null}}}},"branchMap":{"0":{"loc":{"start":{"line":86,"column":8},"end":{"line":90,"column":null}},"type":"if","locations":[{"start":{"line":86,"column":8},"end":{"line":90,"column":null}},{"start":{"line":86,"column":8},"end":{"line":90,"column":null}}]},"1":{"loc":{"start":{"line":128,"column":15},"end":{"line":128,"column":76}},"type":"cond-expr","locations":[{"start":{"line":128,"column":47},"end":{"line":128,"column":58}},{"start":{"line":128,"column":60},"end":{"line":128,"column":76}}]},"2":{"loc":{"start":{"line":144,"column":8},"end":{"line":150,"column":null}},"type":"if","locations":[{"start":{"line":144,"column":8},"end":{"line":150,"column":null}},{"start":{"line":147,"column":15},"end":{"line":150,"column":null}}]}},"s":{"0":1,"1":3,"2":1,"3":1,"4":1,"5":1,"6":1,"7":1,"8":1,"9":1,"10":1,"11":1,"12":1,"13":1,"14":2,"15":0,"16":0,"17":0,"18":0,"19":0,"20":0,"21":0,"22":0,"23":0,"24":0,"25":0,"26":0,"27":3,"28":0,"29":0,"30":0,"31":0,"32":0,"33":0,"34":0,"35":0,"36":1,"37":1,"38":1},"f":{"0":3,"1":1,"2":1,"3":2,"4":0,"5":0,"6":3,"7":0,"8":0},"b":{"0":[1,0],"1":[1,2],"2":[0,0]}}
,"C:/git/stopwatch_app/src/components/Buttons.vue": {"path":"C:/git/stopwatch_app/src/components/Buttons.vue","statementMap":{"0":{"start":{"line":14,"column":17},"end":{"line":26,"column":null}},"1":{"start":{"line":2,"column":4},"end":{"line":4,"column":null}},"2":{"start":{"line":3,"column":14},"end":{"line":3,"column":21}}},"fnMap":{"0":{"name":"(anonymous_1)","decl":{"start":{"line":3,"column":12},"end":{"line":3,"column":14}},"loc":{"start":{"line":3,"column":14},"end":{"line":3,"column":21}}}},"branchMap":{"0":{"loc":{"start":{"line":3,"column":12},"end":{"line":3,"column":null}},"type":"binary-expr","locations":[{"start":{"line":3,"column":12},"end":{"line":3,"column":14}},{"start":{"line":3,"column":12},"end":{"line":3,"column":null}}]},"1":{"loc":{"start":{"line":3,"column":14},"end":{"line":3,"column":21}},"type":"binary-expr","locations":[{"start":{"line":3,"column":14},"end":{"line":3,"column":21}},{"start":{"line":3,"column":14},"end":{"line":3,"column":21}}]}},"s":{"0":1,"1":15,"2":0},"f":{"0":0},"b":{"0":[15,15],"1":[0,0]}}
,"C:/git/stopwatch_app/src/components/Laps.vue": {"path":"C:/git/stopwatch_app/src/components/Laps.vue","statementMap":{"0":{"start":{"line":28,"column":17},"end":{"line":45,"column":null}},"1":{"start":{"line":12,"column":10},"end":{"line":12,"column":null}},"2":{"start":{"line":14,"column":16},"end":{"line":14,"column":31}},"3":{"start":{"line":15,"column":16},"end":{"line":15,"column":32}}},"fnMap":{},"branchMap":{},"s":{"0":2,"1":2,"2":2,"3":2},"f":{},"b":{}}
}
